<?xml version="1.0" encoding="UTF-8"?>
<coverage generated="1496871397119" clover="3.2.0">
  <project timestamp="1496871397119" name="All files">
    <metrics statements="9" coveredstatements="6" conditionals="0" coveredconditionals="0" methods="6" coveredmethods="3" elements="15" coveredelements="9" complexity="0" loc="9" ncloc="9" packages="2" files="2" classes="2">
      <package name="components">
        <metrics statements="8" coveredstatements="5" conditionals="0" coveredconditionals="0" methods="5" coveredmethods="2"/>
        <file name="TriviaSelectionComponent.js" path="/Users/Joe/Desktop/workspace/RNativeWS/quizzer/src/components/TriviaSelectionComponent.js">
          <metrics statements="8" coveredstatements="5" conditionals="0" coveredconditionals="0" methods="5" coveredmethods="2"/>
          <line num="8" count="1" type="stmt"/>
          <line num="9" count="1" type="stmt"/>
          <line num="13" count="0" type="stmt"/>
          <line num="16" count="4" type="stmt"/>
          <line num="28" count="0" type="stmt"/>
          <line num="30" count="0" type="stmt"/>
          <line num="34" count="1" type="stmt"/>
          <line num="44" count="1" type="stmt"/>
        </file>
      </package>
      <package name="utilities">
        <metrics statements="1" coveredstatements="1" conditionals="0" coveredconditionals="0" methods="1" coveredmethods="1"/>
        <file name="stringHelpers.js" path="/Users/Joe/Desktop/workspace/RNativeWS/quizzer/src/utilities/stringHelpers.js">
          <metrics statements="1" coveredstatements="1" conditionals="0" coveredconditionals="0" methods="1" coveredmethods="1"/>
          <line num="2" count="4" type="stmt"/>
        </file>
      </package>
    </metrics>
  </project>
</coverage>
