{"/Users/Joe/Desktop/workspace/RNativeWS/quizzer/src/components/TriviaSelectionComponent.js": {"path":"/Users/Joe/Desktop/workspace/RNativeWS/quizzer/src/components/TriviaSelectionComponent.js","statementMap":{"0":{"start":{"line":8,"column":33},"end":{"line":32,"column":1}},"1":{"start":{"line":9,"column":2},"end":{"line":31,"column":9}},"2":{"start":{"line":13,"column":40},"end":{"line":13,"column":79}},"3":{"start":{"line":16,"column":8},"end":{"line":18,"column":9}},"4":{"start":{"line":28,"column":32},"end":{"line":28,"column":70}},"5":{"start":{"line":30,"column":27},"end":{"line":30,"column":78}},"6":{"start":{"line":34,"column":15},"end":{"line":42,"column":2}},"7":{"start":{"line":44,"column":0},"end":{"line":49,"column":1}}},"fnMap":{"0":{"name":"(anonymous_0)","decl":{"start":{"line":8,"column":33},"end":{"line":8,"column":34}},"loc":{"start":{"line":9,"column":2},"end":{"line":31,"column":9}},"line":9},"1":{"name":"(anonymous_1)","decl":{"start":{"line":13,"column":21},"end":{"line":13,"column":22}},"loc":{"start":{"line":13,"column":40},"end":{"line":13,"column":79}},"line":13},"2":{"name":"(anonymous_2)","decl":{"start":{"line":15,"column":28},"end":{"line":15,"column":29}},"loc":{"start":{"line":15,"column":49},"end":{"line":19,"column":7}},"line":15},"3":{"name":"(anonymous_3)","decl":{"start":{"line":28,"column":21},"end":{"line":28,"column":22}},"loc":{"start":{"line":28,"column":32},"end":{"line":28,"column":70}},"line":28},"4":{"name":"(anonymous_4)","decl":{"start":{"line":30,"column":21},"end":{"line":30,"column":22}},"loc":{"start":{"line":30,"column":27},"end":{"line":30,"column":78}},"line":30}},"branchMap":{},"s":{"0":1,"1":1,"2":0,"3":4,"4":0,"5":0,"6":1,"7":1},"f":{"0":1,"1":0,"2":4,"3":0,"4":0},"b":{},"_coverageSchema":"332fd63041d2c1bcb487cc26dd0d5f7d97098a6c","hash":"ebbfc62ffb8ae92a4fbf1ccec51d8bbb82d6190c"}
,"/Users/Joe/Desktop/workspace/RNativeWS/quizzer/src/utilities/stringHelpers.js": {"path":"/Users/Joe/Desktop/workspace/RNativeWS/quizzer/src/utilities/stringHelpers.js","statementMap":{"0":{"start":{"line":2,"column":2},"end":{"line":2,"column":57}}},"fnMap":{"0":{"name":"capitalizeString","decl":{"start":{"line":1,"column":16},"end":{"line":1,"column":32}},"loc":{"start":{"line":1,"column":40},"end":{"line":3,"column":1}},"line":1}},"branchMap":{},"s":{"0":4},"f":{"0":4},"b":{},"_coverageSchema":"332fd63041d2c1bcb487cc26dd0d5f7d97098a6c","hash":"b695222e06c8b119bdc9e108366c9247e3466ec1"}
}
