TN:
SF:/Users/Joe/Desktop/workspace/RNativeWS/quizzer/src/components/TriviaSelectionComponent.js
FN:8,(anonymous_0)
FN:13,(anonymous_1)
FN:15,(anonymous_2)
FN:28,(anonymous_3)
FN:30,(anonymous_4)
FNF:5
FNH:2
FNDA:1,(anonymous_0)
FNDA:0,(anonymous_1)
FNDA:4,(anonymous_2)
FNDA:0,(anonymous_3)
FNDA:0,(anonymous_4)
DA:8,1
DA:9,1
DA:13,0
DA:16,4
DA:28,0
DA:30,0
DA:34,1
DA:44,1
LF:8
LH:5
BRF:0
BRH:0
end_of_record
TN:
SF:/Users/Joe/Desktop/workspace/RNativeWS/quizzer/src/utilities/stringHelpers.js
FN:1,capitalizeString
FNF:1
FNH:1
FNDA:4,capitalizeString
DA:2,4
LF:1
LH:1
BRF:0
BRH:0
end_of_record
